<?xml version="1.0" encoding="UTF-8"?>
<!-- Generated by org.testng.reporters.JUnitReportReporter -->
<testsuite hostname="DESKTOP-C09DSQO" failures="0" tests="1" name="testng.hardassert" time="7.840" errors="0" timestamp="2023-08-13T18:53:32 IST" skipped="0">
  <testcase classname="testng.hardassert" name="test1" time="7.840"/>
</testsuite> <!-- testng.hardassert -->
