<?xml version="1.0" encoding="UTF-8"?>
<!-- Generated by org.testng.reporters.JUnitReportReporter -->
<testsuite hostname="DESKTOP-C09DSQO" failures="0" tests="1" name="testng.webtable" time="6.136" errors="0" timestamp="2023-08-23T12:36:08 IST" skipped="0">
  <testcase classname="testng.webtable" name="test1" time="6.136"/>
</testsuite> <!-- testng.webtable -->
