<?xml version="1.0" encoding="UTF-8"?>
<!-- Generated by org.testng.reporters.JUnitReportReporter -->
<testsuite hostname="DESKTOP-C09DSQO" failures="0" tests="3" name="testng.test1" time="0.012" errors="0" timestamp="2023-08-09T10:49:16 IST" skipped="0">
  <testcase classname="testng.test1" name="login" time="0.010"/>
  <system-out/>
  <testcase classname="testng.test1" name="cart" time="0.001"/>
  <system-out/>
  <testcase classname="testng.test1" name="payment" time="0.001"/>
  <system-out/>
</testsuite> <!-- testng.test1 -->
