<?xml version="1.0" encoding="UTF-8"?>
<!-- Generated by org.testng.reporters.JUnitReportReporter -->
<testsuite hostname="DESKTOP-C09DSQO" failures="0" tests="2" name="Hookable.annotation" time="0.010" errors="0" timestamp="2023-08-26T17:49:06 IST" skipped="0">
  <testcase classname="Hookable.annotation" name="test2" time="0.002"/>
  <testcase classname="Hookable.annotation" name="test1" time="0.008"/>
</testsuite> <!-- Hookable.annotation -->
