<?xml version="1.0" encoding="UTF-8"?>
<!-- Generated by org.testng.reporters.JUnitReportReporter -->
<testsuite hostname="DESKTOP-C09DSQO" failures="0" tests="3" name="testng.groupings" time="0.012" errors="0" timestamp="2023-08-10T13:57:09 IST" skipped="0">
  <testcase classname="testng.groupings" name="test1" time="0.008"/>
  <testcase classname="testng.groupings" name="test2" time="0.002"/>
  <testcase classname="testng.groupings" name="test3" time="0.002"/>
</testsuite> <!-- testng.groupings -->
