<?xml version="1.0" encoding="UTF-8"?>
<!-- Generated by org.testng.reporters.JUnitReportReporter -->
<testsuite hostname="DESKTOP-C09DSQO" failures="0" tests="2" name="testng.DifferentBrowsers" time="27.109" errors="0" timestamp="2023-08-23T17:22:20 IST" skipped="0">
  <testcase classname="testng.DifferentBrowsers" name="browsertest" time="17.116"/>
  <testcase classname="testng.DifferentBrowsers" name="browsertest" time="9.993"/>
</testsuite> <!-- testng.DifferentBrowsers -->
