<?xml version="1.0" encoding="UTF-8"?>
<!-- Generated by org.testng.reporters.JUnitReportReporter -->
<testsuite hostname="DESKTOP-C09DSQO" failures="0" tests="4" name="Windowhandles.intercept" time="0.011" errors="0" timestamp="2023-08-24T15:37:12 IST" skipped="0">
  <testcase classname="Windowhandles.intercept" name="method3" time="0.007"/>
  <testcase classname="Windowhandles.intercept" name="method4" time="0.002"/>
  <testcase classname="Windowhandles.intercept" name="method1" time="0.001"/>
  <testcase classname="Windowhandles.intercept" name="method2" time="0.001"/>
</testsuite> <!-- Windowhandles.intercept -->
