<?xml version="1.0" encoding="UTF-8"?>
<!-- Generated by org.testng.reporters.JUnitReportReporter -->
<testsuite hostname="DESKTOP-C09DSQO" failures="0" tests="1" name="Windowhandles.framess" time="19.147" errors="0" timestamp="2023-08-30T10:41:03 IST" skipped="0">
  <testcase classname="Windowhandles.framess" name="test1" time="19.147"/>
</testsuite> <!-- Windowhandles.framess -->
