<?xml version="1.0" encoding="UTF-8"?>
<!-- Generated by org.testng.reporters.JUnitReportReporter -->
<testsuite hostname="DESKTOP-C09DSQO" failures="0" tests="1" name="practice.webtable" time="5.031" errors="0" timestamp="2023-08-22T14:31:07 IST" skipped="0">
  <testcase classname="practice.webtable" name="test1" time="5.031"/>
</testsuite> <!-- practice.webtable -->
