<?xml version="1.0" encoding="UTF-8"?>
<!-- Generated by org.testng.reporters.JUnitReportReporter -->
<testsuite hostname="DESKTOP-C09DSQO" failures="0" tests="5" name="Listeners.Transform" time="0.013" errors="0" timestamp="2023-08-24T15:02:06 IST" skipped="0">
  <testcase classname="Listeners.Transform" name="transformTest" time="0.001"/>
  <testcase classname="Listeners.Transform" name="transformTest" time="0.002"/>
  <testcase classname="Listeners.Transform" name="transformTest" time="0.002"/>
  <testcase classname="Listeners.Transform" name="transformTest" time="0.007"/>
  <testcase classname="Listeners.Transform" name="transformTest" time="0.001"/>
</testsuite> <!-- Listeners.Transform -->
