<?xml version="1.0" encoding="UTF-8"?>
<!-- Generated by org.testng.reporters.JUnitReportReporter -->
<testsuite hostname="DESKTOP-C09DSQO" failures="0" tests="3" name="testng.test3" time="13.643" errors="0" timestamp="2023-08-25T14:56:05 IST" skipped="1">
  <testcase classname="testng.test3" name="Homepage" time="9.430"/>
  <testcase classname="testng.test3" name="login" time="4.213"/>
  <testcase classname="testng.test3" name="logout">
    <skipped/>
  </testcase> <!-- logout -->
</testsuite> <!-- testng.test3 -->
