<?xml version="1.0" encoding="UTF-8"?>
<!-- Generated by org.testng.reporters.JUnitReportReporter -->
<testsuite hostname="DESKTOP-C09DSQO" failures="0" tests="1" name="testng.softassert" time="7.331" errors="0" timestamp="2023-08-13T19:06:42 IST" skipped="0">
  <testcase classname="testng.softassert" name="test2" time="7.331"/>
</testsuite> <!-- testng.softassert -->
