<?xml version="1.0" encoding="UTF-8"?>
<!-- Generated by org.testng.reporters.JUnitReportReporter -->
<testsuite hostname="DESKTOP-C09DSQO" failures="0" tests="1" name="testng.exceldataget" time="1.010" errors="0" timestamp="2023-08-18T14:35:29 IST" skipped="0">
  <testcase classname="testng.exceldataget" name="getdata" time="1.010"/>
</testsuite> <!-- testng.exceldataget -->
