<?xml version="1.0" encoding="UTF-8"?>
<!-- Generated by org.testng.reporters.JUnitReportReporter -->
<testsuite hostname="DESKTOP-C09DSQO" failures="0" tests="2" name="test.TransformTest" time="6.618" errors="0" timestamp="2023-08-28T09:33:56 IST" skipped="0">
  <testcase classname="test.TransformTest" name="login" time="3.676"/>
  <testcase classname="test.TransformTest" name="Homepage" time="2.942"/>
</testsuite> <!-- test.TransformTest -->
